c:\users\micha\documents\github\wrapperc\x64\debug\core.pdb
c:\users\micha\documents\github\wrapperc\x64\debug\core.idb
c:\users\micha\documents\github\wrapperc\core\x64\debug\source.obj
c:\users\micha\desktop\test\wraperwithlayer\x64\debug\core.pdb
c:\users\micha\desktop\test\wraperwithlayer\x64\debug\core.idb
c:\users\micha\desktop\test\wraperwithlayer\core\x64\debug\source.obj
c:\users\micha\documents\github\wrapperc\x64\debug\core.lib
c:\users\micha\desktop\test\wraperwithlayer\x64\debug\core.lib
c:\users\micha\desktop\dwawrapery\wrapperc\x64\debug\core.lib
c:\users\micha\desktop\dwawrapery\wrapperc\x64\debug\core.exp
c:\users\micha\desktop\test\wraperwithlayer\core\x64\debug\core.ilk
c:\users\micha\desktop\test\wraperwithlayer\core\x64\debug\vc143.idb
c:\users\micha\desktop\test\wraperwithlayer\core\x64\debug\vc143.pdb
c:\users\micha\desktop\test\wraperwithlayer\core\x64\debug\core.tlog\cl.command.1.tlog
c:\users\micha\desktop\test\wraperwithlayer\core\x64\debug\core.tlog\cl.read.1.tlog
c:\users\micha\desktop\test\wraperwithlayer\core\x64\debug\core.tlog\cl.write.1.tlog
c:\users\micha\desktop\test\wraperwithlayer\core\x64\debug\core.tlog\lib-link.read.1.tlog
c:\users\micha\desktop\test\wraperwithlayer\core\x64\debug\core.tlog\lib-link.write.1.tlog
c:\users\micha\desktop\test\wraperwithlayer\core\x64\debug\core.tlog\lib.command.1.tlog
c:\users\micha\desktop\test\wraperwithlayer\core\x64\debug\core.tlog\link.command.1.tlog
c:\users\micha\desktop\test\wraperwithlayer\core\x64\debug\core.tlog\link.write.2u.tlog
